# JRE version: OpenJDK Runtime Environment (20.0.1+9) (build 20.0.1+9-29)
# Java VM: OpenJDK 64-Bit Server VM (20.0.1+9-29, mixed mode, sharing, tiered, compressed oops, compressed class ptrs, g1 gc, windows-amd64)
GC Precious Log:
 CardTable entry size: 512
 Card Set container configuration: InlinePtr #cards 5 size 8 Array Of Cards #cards 12 size 40 Howl #buckets 4 coarsen threshold 1843 Howl Bitmap #cards 512 size 80 coarsen threshold 460 Card regions per heap region 1 cards per card region 2048
 CPUs: 8 total, 8 available
 Memory: 16258M
 Large Page Support: Disabled
 NUMA Support: Disabled
 Compressed Oops: Enabled (32-bit)
 Heap Region Size: 1M
 Heap Min Capacity: 256M
 Heap Initial Capacity: 256M
 Heap Max Capacity: 512M
 Pre-touch: Disabled
 Parallel Workers: 8
 Concurrent Workers: 2
 Concurrent Refinement Workers: 8
 Periodic GC: Disabled
Heap:
 garbage-first heap   total 262144K, used 108277K [0x00000000e0000000, 0x0000000100000000)
  region size 1024K, 66 young (67584K), 5 survivors (5120K)
 Metaspace       used 63462K, committed 65536K, reserved 380928K
  class space    used 9041K, committed 10048K, reserved 315392K
GC Heap History (18 events):
Event: 0.580 GC heap before
{Heap before GC invocations=0 (full 0):
 garbage-first heap   total 262144K, used 26624K [0x00000000e0000000, 0x0000000100000000)
  region size 1024K, 23 young (23552K), 0 survivors (0K)
 Metaspace       used 3114K, committed 3264K, reserved 380928K
  class space    used 398K, committed 448K, reserved 315392K
}
Event: 0.584 GC heap after
{Heap after GC invocations=1 (full 0):
 garbage-first heap   total 262144K, used 10238K [0x00000000e0000000, 0x0000000100000000)
  region size 1024K, 3 young (3072K), 3 survivors (3072K)
 Metaspace       used 3114K, committed 3264K, reserved 380928K
  class space    used 398K, committed 448K, reserved 315392K
}
Event: 0.960 GC heap before
{Heap before GC invocations=1 (full 0):
 garbage-first heap   total 262144K, used 40958K [0x00000000e0000000, 0x0000000100000000)
  region size 1024K, 32 young (32768K), 3 survivors (3072K)
 Metaspace       used 4075K, committed 4224K, reserved 380928K
  class space    used 494K, committed 576K, reserved 315392K
}
Event: 0.964 GC heap after
{Heap after GC invocations=2 (full 0):
 garbage-first heap   total 262144K, used 13536K [0x00000000e0000000, 0x0000000100000000)
  region size 1024K, 3 young (3072K), 3 survivors (3072K)
 Metaspace       used 4075K, committed 4224K, reserved 380928K
  class space    used 494K, committed 576K, reserved 315392K
}
Event: 2.825 GC heap before
{Heap before GC invocations=2 (full 0):
 garbage-first heap   total 262144K, used 113888K [0x00000000e0000000, 0x0000000100000000)
  region size 1024K, 102 young (104448K), 3 survivors (3072K)
 Metaspace       used 20779K, committed 21504K, reserved 380928K
  class space    used 3043K, committed 3392K, reserved 315392K
}
Event: 2.834 GC heap after
{Heap after GC invocations=3 (full 0):
 garbage-first heap   total 262144K, used 23260K [0x00000000e0000000, 0x0000000100000000)
  region size 1024K, 12 young (12288K), 12 survivors (12288K)
 Metaspace       used 20779K, committed 21504K, reserved 380928K
  class space    used 3043K, committed 3392K, reserved 315392K
}
Event: 4.161 GC heap before
{Heap before GC invocations=4 (full 0):
 garbage-first heap   total 262144K, used 132828K [0x00000000e0000000, 0x0000000100000000)
  region size 1024K, 116 young (118784K), 12 survivors (12288K)
 Metaspace       used 34683K, committed 35968K, reserved 380928K
  class space    used 4900K, committed 5568K, reserved 315392K
}
Event: 4.174 GC heap after
{Heap after GC invocations=5 (full 0):
 garbage-first heap   total 262144K, used 33889K [0x00000000e0000000, 0x0000000100000000)
  region size 1024K, 9 young (9216K), 9 survivors (9216K)
 Metaspace       used 34683K, committed 35968K, reserved 380928K
  class space    used 4900K, committed 5568K, reserved 315392K
}
Event: 4.180 GC heap before
{Heap before GC invocations=5 (full 0):
 garbage-first heap   total 262144K, used 33889K [0x00000000e0000000, 0x0000000100000000)
  region size 1024K, 10 young (10240K), 9 survivors (9216K)
 Metaspace       used 35003K, committed 36288K, reserved 380928K
  class space    used 4900K, committed 5568K, reserved 315392K
}
Event: 4.186 GC heap after
{Heap after GC invocations=6 (full 0):
 garbage-first heap   total 262144K, used 33957K [0x00000000e0000000, 0x0000000100000000)
  region size 1024K, 8 young (8192K), 8 survivors (8192K)
 Metaspace       used 35003K, committed 36288K, reserved 380928K
  class space    used 4900K, committed 5568K, reserved 315392K
}
Event: 4.214 GC heap before
{Heap before GC invocations=6 (full 0):
 garbage-first heap   total 262144K, used 34981K [0x00000000e0000000, 0x0000000100000000)
  region size 1024K, 10 young (10240K), 8 survivors (8192K)
 Metaspace       used 35355K, committed 36608K, reserved 380928K
  class space    used 4927K, committed 5568K, reserved 315392K
}
Event: 4.219 GC heap after
{Heap after GC invocations=7 (full 0):
 garbage-first heap   total 262144K, used 32093K [0x00000000e0000000, 0x0000000100000000)
  region size 1024K, 8 young (8192K), 8 survivors (8192K)
 Metaspace       used 35355K, committed 36608K, reserved 380928K
  class space    used 4927K, committed 5568K, reserved 315392K
}
Event: 6.259 GC heap before
{Heap before GC invocations=8 (full 0):
 garbage-first heap   total 262144K, used 181597K [0x00000000e0000000, 0x0000000100000000)
  region size 1024K, 153 young (156672K), 8 survivors (8192K)
 Metaspace       used 48972K, committed 50816K, reserved 380928K
  class space    used 7097K, committed 8000K, reserved 315392K
}
Event: 6.277 GC heap after
{Heap after GC invocations=9 (full 0):
 garbage-first heap   total 262144K, used 43179K [0x00000000e0000000, 0x0000000100000000)
  region size 1024K, 19 young (19456K), 19 survivors (19456K)
 Metaspace       used 48972K, committed 50816K, reserved 380928K
  class space    used 7097K, committed 8000K, reserved 315392K
}
Event: 7.284 GC heap before
{Heap before GC invocations=9 (full 0):
 garbage-first heap   total 262144K, used 93355K [0x00000000e0000000, 0x0000000100000000)
  region size 1024K, 70 young (71680K), 19 survivors (19456K)
 Metaspace       used 59309K, committed 61248K, reserved 380928K
  class space    used 8587K, committed 9536K, reserved 315392K
}
Event: 7.299 GC heap after
{Heap after GC invocations=10 (full 0):
 garbage-first heap   total 262144K, used 47394K [0x00000000e0000000, 0x0000000100000000)
  region size 1024K, 6 young (6144K), 6 survivors (6144K)
 Metaspace       used 59309K, committed 61248K, reserved 380928K
  class space    used 8587K, committed 9536K, reserved 315392K
}
Event: 7.326 GC heap before
{Heap before GC invocations=10 (full 0):
 garbage-first heap   total 262144K, used 48418K [0x00000000e0000000, 0x0000000100000000)
  region size 1024K, 8 young (8192K), 6 survivors (6144K)
 Metaspace       used 59630K, committed 61568K, reserved 380928K
  class space    used 8629K, committed 9600K, reserved 315392K
}
Event: 7.329 GC heap after
{Heap after GC invocations=11 (full 0):
 garbage-first heap   total 262144K, used 46837K [0x00000000e0000000, 0x0000000100000000)
  region size 1024K, 5 young (5120K), 5 survivors (5120K)
 Metaspace       used 59630K, committed 61568K, reserved 380928K
  class space    used 8629K, committed 9600K, reserved 315392K
}

