# JRE version: OpenJDK Runtime Environment (20.0.1+9) (build 20.0.1+9-29)
# Java VM: OpenJDK 64-Bit Server VM (20.0.1+9-29, mixed mode, sharing, tiered, compressed oops, compressed class ptrs, g1 gc, windows-amd64)
GC Precious Log:
 CardTable entry size: 512
 Card Set container configuration: InlinePtr #cards 5 size 8 Array Of Cards #cards 12 size 40 Howl #buckets 4 coarsen threshold 1843 Howl Bitmap #cards 512 size 80 coarsen threshold 460 Card regions per heap region 1 cards per card region 2048
 CPUs: 8 total, 8 available
 Memory: 16258M
 Large Page Support: Disabled
 NUMA Support: Disabled
 Compressed Oops: Enabled (32-bit)
 Heap Region Size: 1M
 Heap Min Capacity: 256M
 Heap Initial Capacity: 256M
 Heap Max Capacity: 512M
 Pre-touch: Disabled
 Parallel Workers: 8
 Concurrent Workers: 2
 Concurrent Refinement Workers: 8
 Periodic GC: Disabled
Heap:
 garbage-first heap   total 262144K, used 64220K [0x00000000e0000000, 0x0000000100000000)
  region size 1024K, 22 young (22528K), 5 survivors (5120K)
 Metaspace       used 66885K, committed 68928K, reserved 380928K
  class space    used 9223K, committed 10240K, reserved 315392K
GC Heap History (20 events):
Event: 1.021 GC heap before
{Heap before GC invocations=1 (full 0):
 garbage-first heap   total 262144K, used 40128K [0x00000000e0000000, 0x0000000100000000)
  region size 1024K, 32 young (32768K), 3 survivors (3072K)
 Metaspace       used 4091K, committed 4288K, reserved 380928K
  class space    used 495K, committed 576K, reserved 315392K
}
Event: 1.025 GC heap after
{Heap after GC invocations=2 (full 0):
 garbage-first heap   total 262144K, used 13817K [0x00000000e0000000, 0x0000000100000000)
  region size 1024K, 3 young (3072K), 3 survivors (3072K)
 Metaspace       used 4091K, committed 4288K, reserved 380928K
  class space    used 495K, committed 576K, reserved 315392K
}
Event: 3.004 GC heap before
{Heap before GC invocations=2 (full 0):
 garbage-first heap   total 262144K, used 114169K [0x00000000e0000000, 0x0000000100000000)
  region size 1024K, 102 young (104448K), 3 survivors (3072K)
 Metaspace       used 20801K, committed 21504K, reserved 380928K
  class space    used 3046K, committed 3392K, reserved 315392K
}
Event: 3.013 GC heap after
{Heap after GC invocations=3 (full 0):
 garbage-first heap   total 262144K, used 23102K [0x00000000e0000000, 0x0000000100000000)
  region size 1024K, 12 young (12288K), 12 survivors (12288K)
 Metaspace       used 20801K, committed 21504K, reserved 380928K
  class space    used 3046K, committed 3392K, reserved 315392K
}
Event: 4.337 GC heap before
{Heap before GC invocations=4 (full 0):
 garbage-first heap   total 262144K, used 131646K [0x00000000e0000000, 0x0000000100000000)
  region size 1024K, 115 young (117760K), 12 survivors (12288K)
 Metaspace       used 34947K, committed 36096K, reserved 380928K
  class space    used 4886K, committed 5440K, reserved 315392K
}
Event: 4.350 GC heap after
{Heap after GC invocations=5 (full 0):
 garbage-first heap   total 262144K, used 34160K [0x00000000e0000000, 0x0000000100000000)
  region size 1024K, 9 young (9216K), 9 survivors (9216K)
 Metaspace       used 34947K, committed 36096K, reserved 380928K
  class space    used 4886K, committed 5440K, reserved 315392K
}
Event: 4.379 GC heap before
{Heap before GC invocations=5 (full 0):
 garbage-first heap   total 262144K, used 35184K [0x00000000e0000000, 0x0000000100000000)
  region size 1024K, 11 young (11264K), 9 survivors (9216K)
 Metaspace       used 35230K, committed 36416K, reserved 380928K
  class space    used 4905K, committed 5504K, reserved 315392K
}
Event: 4.383 GC heap after
{Heap after GC invocations=6 (full 0):
 garbage-first heap   total 262144K, used 31792K [0x00000000e0000000, 0x0000000100000000)
  region size 1024K, 8 young (8192K), 8 survivors (8192K)
 Metaspace       used 35230K, committed 36416K, reserved 380928K
  class space    used 4905K, committed 5504K, reserved 315392K
}
Event: 4.443 GC heap before
{Heap before GC invocations=6 (full 0):
 garbage-first heap   total 262144K, used 35888K [0x00000000e0000000, 0x0000000100000000)
  region size 1024K, 13 young (13312K), 8 survivors (8192K)
 Metaspace       used 35586K, committed 36736K, reserved 380928K
  class space    used 4939K, committed 5504K, reserved 315392K
}
Event: 4.448 GC heap after
{Heap after GC invocations=7 (full 0):
 garbage-first heap   total 262144K, used 32109K [0x00000000e0000000, 0x0000000100000000)
  region size 1024K, 8 young (8192K), 8 survivors (8192K)
 Metaspace       used 35586K, committed 36736K, reserved 380928K
  class space    used 4939K, committed 5504K, reserved 315392K
}
Event: 6.303 GC heap before
{Heap before GC invocations=8 (full 0):
 garbage-first heap   total 262144K, used 181613K [0x00000000e0000000, 0x0000000100000000)
  region size 1024K, 153 young (156672K), 8 survivors (8192K)
 Metaspace       used 49317K, committed 51200K, reserved 380928K
  class space    used 7142K, committed 8064K, reserved 315392K
}
Event: 6.317 GC heap after
{Heap after GC invocations=9 (full 0):
 garbage-first heap   total 262144K, used 43744K [0x00000000e0000000, 0x0000000100000000)
  region size 1024K, 20 young (20480K), 20 survivors (20480K)
 Metaspace       used 49317K, committed 51200K, reserved 380928K
  class space    used 7142K, committed 8064K, reserved 315392K
}
Event: 7.295 GC heap before
{Heap before GC invocations=9 (full 0):
 garbage-first heap   total 262144K, used 90848K [0x00000000e0000000, 0x0000000100000000)
  region size 1024K, 68 young (69632K), 20 survivors (20480K)
 Metaspace       used 59634K, committed 61568K, reserved 380928K
  class space    used 8628K, committed 9600K, reserved 315392K
}
Event: 7.311 GC heap after
{Heap after GC invocations=10 (full 0):
 garbage-first heap   total 262144K, used 47491K [0x00000000e0000000, 0x0000000100000000)
  region size 1024K, 6 young (6144K), 6 survivors (6144K)
 Metaspace       used 59634K, committed 61568K, reserved 380928K
  class space    used 8628K, committed 9600K, reserved 315392K
}
Event: 7.327 GC heap before
{Heap before GC invocations=10 (full 0):
 garbage-first heap   total 262144K, used 47491K [0x00000000e0000000, 0x0000000100000000)
  region size 1024K, 7 young (7168K), 6 survivors (6144K)
 Metaspace       used 59961K, committed 61888K, reserved 380928K
  class space    used 8644K, committed 9600K, reserved 315392K
}
Event: 7.330 GC heap after
{Heap after GC invocations=11 (full 0):
 garbage-first heap   total 262144K, used 46416K [0x00000000e0000000, 0x0000000100000000)
  region size 1024K, 5 young (5120K), 5 survivors (5120K)
 Metaspace       used 59961K, committed 61888K, reserved 380928K
  class space    used 8644K, committed 9600K, reserved 315392K
}
Event: 2764.381 GC heap before
{Heap before GC invocations=12 (full 0):
 garbage-first heap   total 262144K, used 196944K [0x00000000e0000000, 0x0000000100000000)
  region size 1024K, 153 young (156672K), 5 survivors (5120K)
 Metaspace       used 64853K, committed 66816K, reserved 380928K
  class space    used 9159K, committed 10112K, reserved 315392K
}
Event: 2764.420 GC heap after
{Heap after GC invocations=13 (full 0):
 garbage-first heap   total 262144K, used 55035K [0x00000000e0000000, 0x0000000100000000)
  region size 1024K, 13 young (13312K), 13 survivors (13312K)
 Metaspace       used 64853K, committed 66816K, reserved 380928K
  class space    used 9159K, committed 10112K, reserved 315392K
}
Event: 3032.788 GC heap before
{Heap before GC invocations=13 (full 0):
 garbage-first heap   total 262144K, used 197371K [0x00000000e0000000, 0x0000000100000000)
  region size 1024K, 153 young (156672K), 13 survivors (13312K)
 Metaspace       used 66799K, committed 68864K, reserved 380928K
  class space    used 9223K, committed 10240K, reserved 315392K
}
Event: 3032.801 GC heap after
{Heap after GC invocations=14 (full 0):
 garbage-first heap   total 262144K, used 48860K [0x00000000e0000000, 0x0000000100000000)
  region size 1024K, 5 young (5120K), 5 survivors (5120K)
 Metaspace       used 66799K, committed 68864K, reserved 380928K
  class space    used 9223K, committed 10240K, reserved 315392K
}

